[0614/011445.563:ERROR:directory_reader_win.cc(43)] FindFirstFile: The system cannot find the path specified. (0x3)
[0614/110237.203:ERROR:directory_reader_win.cc(43)] FindFirstFile: The system cannot find the path specified. (0x3)
[0627/132110.168:ERROR:process_memory_win.cc(73)] ReadMemory at 0x7ff6f4f60000 of 64 bytes failed: Only part of a ReadProcessMemory or WriteProcessMemory request was completed. (0x12B)
[0627/132110.260:WARNING:pe_image_reader.cc(340)] could not read dos header from C:\Program Files (x86)\AVAST Software\Browser\Application\AvastBrowser.exe
[0627/132110.260:ERROR:process_memory_win.cc(73)] ReadMemory at 0x7ffbb1500000 of 64 bytes failed: Only part of a ReadProcessMemory or WriteProcessMemory request was completed. (0x12B)
[0627/132110.261:WARNING:pe_image_reader.cc(340)] could not read dos header from C:\WINDOWS\SYSTEM32\ntdll.dll
[0627/132110.261:ERROR:process_memory_win.cc(73)] ReadMemory at 0x7ffbaf700000 of 64 bytes failed: Only part of a ReadProcessMemory or WriteProcessMemory request was completed. (0x12B)
[0627/132110.261:WARNING:pe_image_reader.cc(340)] could not read dos header from C:\WINDOWS\System32\KERNEL32.DLL
[0627/132110.261:ERROR:process_memory_win.cc(73)] ReadMemory at 0x7ffbaf1a0000 of 64 bytes failed: Only part of a ReadProcessMemory or WriteProcessMemory request was completed. (0x12B)
[0627/132110.262:WARNING:pe_image_reader.cc(340)] could not read dos header from C:\WINDOWS\System32\KERNELBASE.dll
[0627/132110.262:ERROR:process_memory_win.cc(73)] ReadMemory at 0x7ffb61990000 of 64 bytes failed: Only part of a ReadProcessMemory or WriteProcessMemory request was completed. (0x12B)
[0627/132110.262:WARNING:pe_image_reader.cc(340)] could not read dos header from C:\Program Files (x86)\AVAST Software\Browser\Application\87.1.7587.142\chrome_elf.dll
[0627/132110.262:ERROR:process_memory_win.cc(73)] ReadMemory at 0x7ffbae210000 of 64 bytes failed: Only part of a ReadProcessMemory or WriteProcessMemory request was completed. (0x12B)
[0627/132110.262:WARNING:pe_image_reader.cc(340)] could not read dos header from C:\WINDOWS\SYSTEM32\VERSION.dll
[0627/132110.262:ERROR:process_memory_win.cc(73)] ReadMemory at 0x1eea0240000 of 64 bytes failed: Only part of a ReadProcessMemory or WriteProcessMemory request was completed. (0x12B)
[0627/132110.262:WARNING:pe_image_reader.cc(340)] could not read dos header from C:\WINDOWS\System32\msvcrt.dll
[0627/132110.262:ERROR:process_memory_win.cc(73)] ReadMemory at 0x7ffbaf5d0000 of 64 bytes failed: Only part of a ReadProcessMemory or WriteProcessMemory request was completed. (0x12B)
[0627/132110.262:WARNING:pe_image_reader.cc(340)] could not read dos header from C:\WINDOWS\System32\bcryptPrimitives.dll
[0627/132110.262:ERROR:process_memory_win.cc(73)] ReadMemory at 0x7ffbb0bf0000 of 64 bytes failed: Only part of a ReadProcessMemory or WriteProcessMemory request was completed. (0x12B)
[0627/132110.263:WARNING:pe_image_reader.cc(340)] could not read dos header from C:\WINDOWS\System32\ADVAPI32.dll
[0627/132110.263:ERROR:process_memory_win.cc(73)] ReadMemory at 0x7ffbb0d50000 of 64 bytes failed: Only part of a ReadProcessMemory or WriteProcessMemory request was completed. (0x12B)
[0627/132110.263:WARNING:pe_image_reader.cc(340)] could not read dos header from C:\WINDOWS\System32\sechost.dll
[0627/132110.263:ERROR:process_memory_win.cc(73)] ReadMemory at 0x7ffbb0750000 of 64 bytes failed: Only part of a ReadProcessMemory or WriteProcessMemory request was completed. (0x12B)
[0627/132110.263:WARNING:pe_image_reader.cc(340)] could not read dos header from C:\WINDOWS\System32\RPCRT4.dll
[0627/132110.263:ERROR:process_memory_win.cc(73)] ReadMemory at 0x7ffb4d8f0000 of 64 bytes failed: Only part of a ReadProcessMemory or WriteProcessMemory request was completed. (0x12B)
[0627/132110.263:WARNING:pe_image_reader.cc(340)] could not read dos header from C:\Program Files (x86)\AVAST Software\Browser\Application\87.1.7587.142\chrome.dll
[0627/132110.263:ERROR:process_memory_win.cc(73)] ReadMemory at 0x7ffbb06e0000 of 64 bytes failed: Only part of a ReadProcessMemory or WriteProcessMemory request was completed. (0x12B)
[0627/132110.264:WARNING:pe_image_reader.cc(340)] could not read dos header from C:\WINDOWS\System32\WS2_32.dll
[0627/132110.264:ERROR:process_memory_win.cc(73)] ReadMemory at 0x7ffbb0610000 of 64 bytes failed: Only part of a ReadProcessMemory or WriteProcessMemory request was completed. (0x12B)
[0627/132110.264:WARNING:pe_image_reader.cc(340)] could not read dos header from C:\WINDOWS\System32\OLEAUT32.dll
[0627/132110.264:ERROR:process_memory_win.cc(73)] ReadMemory at 0x7ffbaf450000 of 64 bytes failed: Only part of a ReadProcessMemory or WriteProcessMemory request was completed. (0x12B)
[0627/132110.264:WARNING:pe_image_reader.cc(340)] could not read dos header from C:\WINDOWS\System32\msvcp_win.dll
[0627/132110.264:ERROR:process_memory_win.cc(73)] ReadMemory at 0x7ffbae5a0000 of 64 bytes failed: Only part of a ReadProcessMemory or WriteProcessMemory request was completed. (0x12B)
[0627/132110.264:WARNING:pe_image_reader.cc(340)] could not read dos header from C:\WINDOWS\System32\ucrtbase.dll
[0627/132110.264:ERROR:process_memory_win.cc(73)] ReadMemory at 0x7ffbb02d0000 of 64 bytes failed: Only part of a ReadProcessMemory or WriteProcessMemory request was completed. (0x12B)
[0627/132110.264:WARNING:pe_image_reader.cc(340)] could not read dos header from C:\WINDOWS\System32\combase.dll
[0627/132110.264:ERROR:process_memory_win.cc(73)] ReadMemory at 0x7ffbaf120000 of 64 bytes failed: Only part of a ReadProcessMemory or WriteProcessMemory request was completed. (0x12B)
[0627/132110.265:WARNING:pe_image_reader.cc(340)] could not read dos header from C:\WINDOWS\System32\WINTRUST.dll
[0627/132110.265:ERROR:process_memory_win.cc(73)] ReadMemory at 0x7ffbae490000 of 64 bytes failed: Only part of a ReadProcessMemory or WriteProcessMemory request was completed. (0x12B)
[0627/132110.265:WARNING:pe_image_reader.cc(340)] could not read dos header from C:\WINDOWS\System32\MSASN1.dll
[0627/132110.265:ERROR:process_memory_win.cc(73)] ReadMemory at 0x7ffbae6a0000 of 64 bytes failed: Only part of a ReadProcessMemory or WriteProcessMemory request was completed. (0x12B)
[0627/132110.265:WARNING:pe_image_reader.cc(340)] could not read dos header from C:\WINDOWS\System32\CRYPT32.dll
[0627/132110.265:ERROR:process_memory_win.cc(73)] ReadMemory at 0x7ffba2100000 of 64 bytes failed: Only part of a ReadProcessMemory or WriteProcessMemory request was completed. (0x12B)
[0627/132110.265:WARNING:pe_image_reader.cc(340)] could not read dos header from C:\WINDOWS\SYSTEM32\dbghelp.dll
[0627/132110.265:ERROR:process_memory_win.cc(73)] ReadMemory at 0x7ffbad910000 of 64 bytes failed: Only part of a ReadProcessMemory or WriteProcessMemory request was completed. (0x12B)
[0627/132110.265:WARNING:pe_image_reader.cc(340)] could not read dos header from C:\WINDOWS\SYSTEM32\IPHLPAPI.DLL
[0627/132110.266:ERROR:process_memory_win.cc(73)] ReadMemory at 0x7ffbac400000 of 64 bytes failed: Only part of a ReadProcessMemory or WriteProcessMemory request was completed. (0x12B)
[0627/132110.266:WARNING:pe_image_reader.cc(340)] could not read dos header from C:\WINDOWS\SYSTEM32\WINMM.dll
[0627/132110.266:ERROR:process_memory_win.cc(73)] ReadMemory at 0x7ffba4e30000 of 64 bytes failed: Only part of a ReadProcessMemory or WriteProcessMemory request was completed. (0x12B)
[0627/132110.266:WARNING:pe_image_reader.cc(340)] could not read dos header from C:\WINDOWS\SYSTEM32\UIAutomationCore.DLL
[0627/132110.266:ERROR:process_memory_win.cc(73)] ReadMemory at 0x7ffb9f3f0000 of 64 bytes failed: Only part of a ReadProcessMemory or WriteProcessMemory request was completed. (0x12B)
[0627/132110.266:WARNING:pe_image_reader.cc(340)] could not read dos header from C:\WINDOWS\SYSTEM32\Secur32.dll
[0627/132110.266:ERROR:process_memory_win.cc(73)] ReadMemory at 0x7ffbae3a0000 of 64 bytes failed: Only part of a ReadProcessMemory or WriteProcessMemory request was completed. (0x12B)
[0627/132110.266:WARNING:pe_image_reader.cc(340)] could not read dos header from C:\WINDOWS\SYSTEM32\USERENV.dll
[0627/132110.266:ERROR:process_memory_win.cc(73)] ReadMemory at 0x7ffbae520000 of 64 bytes failed: Only part of a ReadProcessMemory or WriteProcessMemory request was completed. (0x12B)
[0627/132110.267:WARNING:pe_image_reader.cc(340)] could not read dos header from C:\WINDOWS\System32\profapi.dll
[0627/132110.267:ERROR:process_memory_win.cc(73)] ReadMemory at 0x7ffba4050000 of 64 bytes failed: Only part of a ReadProcessMemory or WriteProcessMemory request was completed. (0x12B)
[0627/132110.267:WARNING:pe_image_reader.cc(340)] could not read dos header from C:\WINDOWS\SYSTEM32\DWrite.dll
[0627/132110.267:ERROR:process_memory_win.cc(73)] ReadMemory at 0x7ffba66c0000 of 64 bytes failed: Only part of a ReadProcessMemory or WriteProcessMemory request was completed. (0x12B)
[0627/132110.267:WARNING:pe_image_reader.cc(340)] could not read dos header from C:\WINDOWS\SYSTEM32\WINSPOOL.DRV
[0627/132110.267:ERROR:process_memory_win.cc(73)] ReadMemory at 0x7ffbae4b0000 of 64 bytes failed: Only part of a ReadProcessMemory or WriteProcessMemory request was completed. (0x12B)
[0627/132110.267:WARNING:pe_image_reader.cc(340)] could not read dos header from C:\WINDOWS\System32\kernel.appcore.dll
[0627/132110.267:ERROR:process_memory_win.cc(73)] ReadMemory at 0x7ffbaf5a0000 of 64 bytes failed: Only part of a ReadProcessMemory or WriteProcessMemory request was completed. (0x12B)
[0627/132110.268:WARNING:pe_image_reader.cc(340)] could not read dos header from C:\WINDOWS\System32\bcrypt.dll
[0627/132110.268:ERROR:process_memory_win.cc(73)] ReadMemory at 0x7ffba6260000 of 64 bytes failed: Only part of a ReadProcessMemory or WriteProcessMemory request was completed. (0x12B)
[0627/132110.268:WARNING:pe_image_reader.cc(340)] could not read dos header from C:\WINDOWS\SYSTEM32\WINHTTP.dll
[0627/132110.268:ERROR:process_memory_win.cc(73)] ReadMemory at 0x7ffba6620000 of 64 bytes failed: Only part of a ReadProcessMemory or WriteProcessMemory request was completed. (0x12B)
[0627/132110.268:WARNING:pe_image_reader.cc(340)] could not read dos header from C:\WINDOWS\SYSTEM32\dhcpcsvc.DLL
[0627/132110.268:ERROR:process_memory_win.cc(73)] ReadMemory at 0x7ffbb1450000 of 64 bytes failed: Only part of a ReadProcessMemory or WriteProcessMemory request was completed. (0x12B)
[0627/132110.268:WARNING:pe_image_reader.cc(340)] could not read dos header from C:\WINDOWS\System32\NSI.dll
[0627/132110.268:ERROR:process_memory_win.cc(73)] ReadMemory at 0x7ffbac3d0000 of 64 bytes failed: Only part of a ReadProcessMemory or WriteProcessMemory request was completed. (0x12B)
[0627/132110.268:WARNING:pe_image_reader.cc(340)] could not read dos header from C:\WINDOWS\SYSTEM32\WINMMBASE.dll
[0627/132110.268:ERROR:process_memory_win.cc(73)] ReadMemory at 0x7ffbae550000 of 64 bytes failed: Only part of a ReadProcessMemory or WriteProcessMemory request was completed. (0x12B)
[0627/132110.268:WARNING:pe_image_reader.cc(340)] could not read dos header from C:\WINDOWS\System32\cfgmgr32.dll
[0627/132110.269:ERROR:process_memory_win.cc(73)] ReadMemory at 0x7ffbaae70000 of 64 bytes failed: Only part of a ReadProcessMemory or WriteProcessMemory request was completed. (0x12B)
[0627/132110.269:WARNING:pe_image_reader.cc(340)] could not read dos header from C:\WINDOWS\SYSTEM32\PROPSYS.dll
[0627/132110.269:ERROR:process_memory_win.cc(73)] ReadMemory at 0x7ffbaf870000 of 64 bytes failed: Only part of a ReadProcessMemory or WriteProcessMemory request was completed. (0x12B)
[0627/132110.269:WARNING:pe_image_reader.cc(340)] could not read dos header from C:\WINDOWS\System32\shcore.dll
[0627/132110.269:ERROR:process_memory_win.cc(73)] ReadMemory at 0x7ffbae360000 of 64 bytes failed: Only part of a ReadProcessMemory or WriteProcessMemory request was completed. (0x12B)
[0627/132110.269:WARNING:pe_image_reader.cc(340)] could not read dos header from C:\WINDOWS\SYSTEM32\SSPICLI.DLL
[0627/132110.269:ERROR:process_memory_win.cc(73)] ReadMemory at 0x7ffbaddd0000 of 64 bytes failed: Only part of a ReadProcessMemory or WriteProcessMemory request was completed. (0x12B)
[0627/132110.269:WARNING:pe_image_reader.cc(340)] could not read dos header from C:\WINDOWS\SYSTEM32\CRYPTBASE.DLL
[0627/132110.269:ERROR:process_memory_win.cc(73)] ReadMemory at 0x7ffb8ae40000 of 64 bytes failed: Only part of a ReadProcessMemory or WriteProcessMemory request was completed. (0x12B)
[0627/132110.270:WARNING:pe_image_reader.cc(340)] could not read dos header from C:\WINDOWS\SYSTEM32\mfplat.dll
[0627/132110.270:ERROR:process_memory_win.cc(73)] ReadMemory at 0x7ffba4d20000 of 64 bytes failed: Only part of a ReadProcessMemory or WriteProcessMemory request was completed. (0x12B)
[0627/132110.270:WARNING:pe_image_reader.cc(340)] could not read dos header from C:\WINDOWS\SYSTEM32\RTWorkQ.DLL
[0627/132110.270:ERROR:process_memory_win.cc(73)] ReadMemory at 0x7ffb658f0000 of 64 bytes failed: Only part of a ReadProcessMemory or WriteProcessMemory request was completed. (0x12B)
[0627/132110.270:WARNING:pe_image_reader.cc(340)] could not read dos header from C:\WINDOWS\SYSTEM32\msmpeg2vdec.dll
[0627/132110.270:ERROR:process_memory_win.cc(73)] ReadMemory at 0x7ffbaf180000 of 64 bytes failed: Only part of a ReadProcessMemory or WriteProcessMemory request was completed. (0x12B)
[0627/132110.270:WARNING:pe_image_reader.cc(340)] could not read dos header from C:\WINDOWS\System32\cryptsp.dll
[0627/132110.270:ERROR:process_memory_win.cc(73)] ReadMemory at 0x7ffb657c0000 of 64 bytes failed: Only part of a ReadProcessMemory or WriteProcessMemory request was completed. (0x12B)
[0627/132110.270:WARNING:pe_image_reader.cc(340)] could not read dos header from C:\WINDOWS\SYSTEM32\mfperfhelper.dll
[0627/132110.270:ERROR:process_memory_win.cc(73)] ReadMemory at 0x7ffb61b40000 of 64 bytes failed: Only part of a ReadProcessMemory or WriteProcessMemory request was completed. (0x12B)
[0627/132110.270:WARNING:pe_image_reader.cc(340)] could not read dos header from C:\WINDOWS\SYSTEM32\evr.dll
[0627/132110.271:ERROR:process_memory_win.cc(73)] ReadMemory at 0x7ffbae4d0000 of 64 bytes failed: Only part of a ReadProcessMemory or WriteProcessMemory request was completed. (0x12B)
[0627/132110.271:WARNING:pe_image_reader.cc(340)] could not read dos header from C:\WINDOWS\System32\powrprof.dll
[0627/132110.271:ERROR:process_memory_win.cc(73)] ReadMemory at 0x7ffbae480000 of 64 bytes failed: Only part of a ReadProcessMemory or WriteProcessMemory request was completed. (0x12B)
[0627/132110.271:WARNING:pe_image_reader.cc(340)] could not read dos header from C:\WINDOWS\System32\UMPDC.dll
[0627/132110.271:ERROR:process_memory_win.cc(73)] ReadMemory at 0x7ffb66d30000 of 64 bytes failed: Only part of a ReadProcessMemory or WriteProcessMemory request was completed. (0x12B)
[0627/132110.271:WARNING:pe_image_reader.cc(340)] could not read dos header from C:\WINDOWS\SYSTEM32\msauddecmft.dll
[0627/132110.369:ERROR:process_memory_win.cc(73)] ReadMemory at 0x7ff6f4f60000 of 64 bytes failed: Only part of a ReadProcessMemory or WriteProcessMemory request was completed. (0x12B)
[0627/132110.369:WARNING:pe_image_reader.cc(340)] could not read dos header from C:\Program Files (x86)\AVAST Software\Browser\Application\AvastBrowser.exe
[0627/132110.369:ERROR:process_memory_win.cc(73)] ReadMemory at 0x7ffbb1500000 of 64 bytes failed: Only part of a ReadProcessMemory or WriteProcessMemory request was completed. (0x12B)
[0627/132110.370:WARNING:pe_image_reader.cc(340)] could not read dos header from C:\WINDOWS\SYSTEM32\ntdll.dll
[0627/132110.370:ERROR:process_memory_win.cc(73)] ReadMemory at 0x7ffbaf700000 of 64 bytes failed: Only part of a ReadProcessMemory or WriteProcessMemory request was completed. (0x12B)
[0627/132110.370:WARNING:pe_image_reader.cc(340)] could not read dos header from C:\WINDOWS\System32\KERNEL32.DLL
[0627/132110.370:ERROR:process_memory_win.cc(73)] ReadMemory at 0x7ffbaf1a0000 of 64 bytes failed: Only part of a ReadProcessMemory or WriteProcessMemory request was completed. (0x12B)
[0627/132110.370:WARNING:pe_image_reader.cc(340)] could not read dos header from C:\WINDOWS\System32\KERNELBASE.dll
[0627/132110.370:ERROR:process_memory_win.cc(73)] ReadMemory at 0x7ffb61990000 of 64 bytes failed: Only part of a ReadProcessMemory or WriteProcessMemory request was completed. (0x12B)
[0627/132110.370:WARNING:pe_image_reader.cc(340)] could not read dos header from C:\Program Files (x86)\AVAST Software\Browser\Application\87.1.7587.142\chrome_elf.dll
[0627/132110.370:ERROR:process_memory_win.cc(73)] ReadMemory at 0x7ffbae210000 of 64 bytes failed: Only part of a ReadProcessMemory or WriteProcessMemory request was completed. (0x12B)
[0627/132110.371:WARNING:pe_image_reader.cc(340)] could not read dos header from C:\WINDOWS\SYSTEM32\VERSION.dll
[0627/132110.371:ERROR:process_memory_win.cc(73)] ReadMemory at 0x1eea0240000 of 64 bytes failed: Only part of a ReadProcessMemory or WriteProcessMemory request was completed. (0x12B)
[0627/132110.371:WARNING:pe_image_reader.cc(340)] could not read dos header from C:\WINDOWS\System32\msvcrt.dll
[0627/132110.371:ERROR:process_memory_win.cc(73)] ReadMemory at 0x7ffbaf5d0000 of 64 bytes failed: Only part of a ReadProcessMemory or WriteProcessMemory request was completed. (0x12B)
[0627/132110.371:WARNING:pe_image_reader.cc(340)] could not read dos header from C:\WINDOWS\System32\bcryptPrimitives.dll
[0627/132110.371:ERROR:process_memory_win.cc(73)] ReadMemory at 0x7ffbb0bf0000 of 64 bytes failed: Only part of a ReadProcessMemory or WriteProcessMemory request was completed. (0x12B)
[0627/132110.371:WARNING:pe_image_reader.cc(340)] could not read dos header from C:\WINDOWS\System32\ADVAPI32.dll
[0627/132110.371:ERROR:process_memory_win.cc(73)] ReadMemory at 0x7ffbb0d50000 of 64 bytes failed: Only part of a ReadProcessMemory or WriteProcessMemory request was completed. (0x12B)
[0627/132110.371:WARNING:pe_image_reader.cc(340)] could not read dos header from C:\WINDOWS\System32\sechost.dll
[0627/132110.371:ERROR:process_memory_win.cc(73)] ReadMemory at 0x7ffbb0750000 of 64 bytes failed: Only part of a ReadProcessMemory or WriteProcessMemory request was completed. (0x12B)
[0627/132110.372:WARNING:pe_image_reader.cc(340)] could not read dos header from C:\WINDOWS\System32\RPCRT4.dll
[0627/132110.372:ERROR:process_memory_win.cc(73)] ReadMemory at 0x7ffb4d8f0000 of 64 bytes failed: Only part of a ReadProcessMemory or WriteProcessMemory request was completed. (0x12B)
[0627/132110.372:WARNING:pe_image_reader.cc(340)] could not read dos header from C:\Program Files (x86)\AVAST Software\Browser\Application\87.1.7587.142\chrome.dll
[0627/132110.372:ERROR:process_memory_win.cc(73)] ReadMemory at 0x7ffbb06e0000 of 64 bytes failed: Only part of a ReadProcessMemory or WriteProcessMemory request was completed. (0x12B)
[0627/132110.372:WARNING:pe_image_reader.cc(340)] could not read dos header from C:\WINDOWS\System32\WS2_32.dll
[0627/132110.372:ERROR:process_memory_win.cc(73)] ReadMemory at 0x7ffbb0610000 of 64 bytes failed: Only part of a ReadProcessMemory or WriteProcessMemory request was completed. (0x12B)
[0627/132110.372:WARNING:pe_image_reader.cc(340)] could not read dos header from C:\WINDOWS\System32\OLEAUT32.dll
[0627/132110.372:ERROR:process_memory_win.cc(73)] ReadMemory at 0x7ffbaf450000 of 64 bytes failed: Only part of a ReadProcessMemory or WriteProcessMemory request was completed. (0x12B)
[0627/132110.372:WARNING:pe_image_reader.cc(340)] could not read dos header from C:\WINDOWS\System32\msvcp_win.dll
[0627/132110.372:ERROR:process_memory_win.cc(73)] ReadMemory at 0x7ffbae5a0000 of 64 bytes failed: Only part of a ReadProcessMemory or WriteProcessMemory request was completed. (0x12B)
[0627/132110.373:WARNING:pe_image_reader.cc(340)] could not read dos header from C:\WINDOWS\System32\ucrtbase.dll
[0627/132110.373:ERROR:process_memory_win.cc(73)] ReadMemory at 0x7ffbb02d0000 of 64 bytes failed: Only part of a ReadProcessMemory or WriteProcessMemory request was completed. (0x12B)
[0627/132110.373:WARNING:pe_image_reader.cc(340)] could not read dos header from C:\WINDOWS\System32\combase.dll
[0627/132110.373:ERROR:process_memory_win.cc(73)] ReadMemory at 0x7ffbaf120000 of 64 bytes failed: Only part of a ReadProcessMemory or WriteProcessMemory request was completed. (0x12B)
[0627/132110.373:WARNING:pe_image_reader.cc(340)] could not read dos header from C:\WINDOWS\System32\WINTRUST.dll
[0627/132110.373:ERROR:process_memory_win.cc(73)] ReadMemory at 0x7ffbae490000 of 64 bytes failed: Only part of a ReadProcessMemory or WriteProcessMemory request was completed. (0x12B)
[0627/132110.373:WARNING:pe_image_reader.cc(340)] could not read dos header from C:\WINDOWS\System32\MSASN1.dll
[0627/132110.373:ERROR:process_memory_win.cc(73)] ReadMemory at 0x7ffbae6a0000 of 64 bytes failed: Only part of a ReadProcessMemory or WriteProcessMemory request was completed. (0x12B)
[0627/132110.373:WARNING:pe_image_reader.cc(340)] could not read dos header from C:\WINDOWS\System32\CRYPT32.dll
[0627/132110.373:ERROR:process_memory_win.cc(73)] ReadMemory at 0x7ffba2100000 of 64 bytes failed: Only part of a ReadProcessMemory or WriteProcessMemory request was completed. (0x12B)
[0627/132110.374:WARNING:pe_image_reader.cc(340)] could not read dos header from C:\WINDOWS\SYSTEM32\dbghelp.dll
[0627/132110.374:ERROR:process_memory_win.cc(73)] ReadMemory at 0x7ffbad910000 of 64 bytes failed: Only part of a ReadProcessMemory or WriteProcessMemory request was completed. (0x12B)
[0627/132110.374:WARNING:pe_image_reader.cc(340)] could not read dos header from C:\WINDOWS\SYSTEM32\IPHLPAPI.DLL
[0627/132110.374:ERROR:process_memory_win.cc(73)] ReadMemory at 0x7ffbac400000 of 64 bytes failed: Only part of a ReadProcessMemory or WriteProcessMemory request was completed. (0x12B)
[0627/132110.374:WARNING:pe_image_reader.cc(340)] could not read dos header from C:\WINDOWS\SYSTEM32\WINMM.dll
[0627/132110.374:ERROR:process_memory_win.cc(73)] ReadMemory at 0x7ffba4e30000 of 64 bytes failed: Only part of a ReadProcessMemory or WriteProcessMemory request was completed. (0x12B)
[0627/132110.374:WARNING:pe_image_reader.cc(340)] could not read dos header from C:\WINDOWS\SYSTEM32\UIAutomationCore.DLL
[0627/132110.374:ERROR:process_memory_win.cc(73)] ReadMemory at 0x7ffb9f3f0000 of 64 bytes failed: Only part of a ReadProcessMemory or WriteProcessMemory request was completed. (0x12B)
[0627/132110.374:WARNING:pe_image_reader.cc(340)] could not read dos header from C:\WINDOWS\SYSTEM32\Secur32.dll
[0627/132110.374:ERROR:process_memory_win.cc(73)] ReadMemory at 0x7ffbae3a0000 of 64 bytes failed: Only part of a ReadProcessMemory or WriteProcessMemory request was completed. (0x12B)
[0627/132110.374:WARNING:pe_image_reader.cc(340)] could not read dos header from C:\WINDOWS\SYSTEM32\USERENV.dll
[0627/132110.375:ERROR:process_memory_win.cc(73)] ReadMemory at 0x7ffbae520000 of 64 bytes failed: Only part of a ReadProcessMemory or WriteProcessMemory request was completed. (0x12B)
[0627/132110.375:WARNING:pe_image_reader.cc(340)] could not read dos header from C:\WINDOWS\System32\profapi.dll
[0627/132110.375:ERROR:process_memory_win.cc(73)] ReadMemory at 0x7ffba4050000 of 64 bytes failed: Only part of a ReadProcessMemory or WriteProcessMemory request was completed. (0x12B)
[0627/132110.375:WARNING:pe_image_reader.cc(340)] could not read dos header from C:\WINDOWS\SYSTEM32\DWrite.dll
[0627/132110.375:ERROR:process_memory_win.cc(73)] ReadMemory at 0x7ffba66c0000 of 64 bytes failed: Only part of a ReadProcessMemory or WriteProcessMemory request was completed. (0x12B)
[0627/132110.375:WARNING:pe_image_reader.cc(340)] could not read dos header from C:\WINDOWS\SYSTEM32\WINSPOOL.DRV
[0627/132110.375:ERROR:process_memory_win.cc(73)] ReadMemory at 0x7ffbae4b0000 of 64 bytes failed: Only part of a ReadProcessMemory or WriteProcessMemory request was completed. (0x12B)
[0627/132110.375:WARNING:pe_image_reader.cc(340)] could not read dos header from C:\WINDOWS\System32\kernel.appcore.dll
[0627/132110.375:ERROR:process_memory_win.cc(73)] ReadMemory at 0x7ffbaf5a0000 of 64 bytes failed: Only part of a ReadProcessMemory or WriteProcessMemory request was completed. (0x12B)
[0627/132110.375:WARNING:pe_image_reader.cc(340)] could not read dos header from C:\WINDOWS\System32\bcrypt.dll
[0627/132110.376:ERROR:process_memory_win.cc(73)] ReadMemory at 0x7ffba6260000 of 64 bytes failed: Only part of a ReadProcessMemory or WriteProcessMemory request was completed. (0x12B)
[0627/132110.376:WARNING:pe_image_reader.cc(340)] could not read dos header from C:\WINDOWS\SYSTEM32\WINHTTP.dll
[0627/132110.376:ERROR:process_memory_win.cc(73)] ReadMemory at 0x7ffba6620000 of 64 bytes failed: Only part of a ReadProcessMemory or WriteProcessMemory request was completed. (0x12B)
[0627/132110.376:WARNING:pe_image_reader.cc(340)] could not read dos header from C:\WINDOWS\SYSTEM32\dhcpcsvc.DLL
[0627/132110.376:ERROR:process_memory_win.cc(73)] ReadMemory at 0x7ffbb1450000 of 64 bytes failed: Only part of a ReadProcessMemory or WriteProcessMemory request was completed. (0x12B)
[0627/132110.376:WARNING:pe_image_reader.cc(340)] could not read dos header from C:\WINDOWS\System32\NSI.dll
[0627/132110.376:ERROR:process_memory_win.cc(73)] ReadMemory at 0x7ffbac3d0000 of 64 bytes failed: Only part of a ReadProcessMemory or WriteProcessMemory request was completed. (0x12B)
[0627/132110.376:WARNING:pe_image_reader.cc(340)] could not read dos header from C:\WINDOWS\SYSTEM32\WINMMBASE.dll
[0627/132110.376:ERROR:process_memory_win.cc(73)] ReadMemory at 0x7ffbae550000 of 64 bytes failed: Only part of a ReadProcessMemory or WriteProcessMemory request was completed. (0x12B)
[0627/132110.376:WARNING:pe_image_reader.cc(340)] could not read dos header from C:\WINDOWS\System32\cfgmgr32.dll
[0627/132110.377:ERROR:process_memory_win.cc(73)] ReadMemory at 0x7ffbaae70000 of 64 bytes failed: Only part of a ReadProcessMemory or WriteProcessMemory request was completed. (0x12B)
[0627/132110.377:WARNING:pe_image_reader.cc(340)] could not read dos header from C:\WINDOWS\SYSTEM32\PROPSYS.dll
[0627/132110.377:ERROR:process_memory_win.cc(73)] ReadMemory at 0x7ffbaf870000 of 64 bytes failed: Only part of a ReadProcessMemory or WriteProcessMemory request was completed. (0x12B)
[0627/132110.377:WARNING:pe_image_reader.cc(340)] could not read dos header from C:\WINDOWS\System32\shcore.dll
[0627/132110.377:ERROR:process_memory_win.cc(73)] ReadMemory at 0x7ffbae360000 of 64 bytes failed: Only part of a ReadProcessMemory or WriteProcessMemory request was completed. (0x12B)
[0627/132110.377:WARNING:pe_image_reader.cc(340)] could not read dos header from C:\WINDOWS\SYSTEM32\SSPICLI.DLL
[0627/132110.377:ERROR:process_memory_win.cc(73)] ReadMemory at 0x7ffbaddd0000 of 64 bytes failed: Only part of a ReadProcessMemory or WriteProcessMemory request was completed. (0x12B)
[0627/132110.377:WARNING:pe_image_reader.cc(340)] could not read dos header from C:\WINDOWS\SYSTEM32\CRYPTBASE.DLL
[0627/132110.377:ERROR:process_memory_win.cc(73)] ReadMemory at 0x7ffb8ae40000 of 64 bytes failed: Only part of a ReadProcessMemory or WriteProcessMemory request was completed. (0x12B)
[0627/132110.377:WARNING:pe_image_reader.cc(340)] could not read dos header from C:\WINDOWS\SYSTEM32\mfplat.dll
[0627/132110.378:ERROR:process_memory_win.cc(73)] ReadMemory at 0x7ffba4d20000 of 64 bytes failed: Only part of a ReadProcessMemory or WriteProcessMemory request was completed. (0x12B)
[0627/132110.378:WARNING:pe_image_reader.cc(340)] could not read dos header from C:\WINDOWS\SYSTEM32\RTWorkQ.DLL
[0627/132110.378:ERROR:process_memory_win.cc(73)] ReadMemory at 0x7ffb658f0000 of 64 bytes failed: Only part of a ReadProcessMemory or WriteProcessMemory request was completed. (0x12B)
[0627/132110.378:WARNING:pe_image_reader.cc(340)] could not read dos header from C:\WINDOWS\SYSTEM32\msmpeg2vdec.dll
[0627/132110.378:ERROR:process_memory_win.cc(73)] ReadMemory at 0x7ffbaf180000 of 64 bytes failed: Only part of a ReadProcessMemory or WriteProcessMemory request was completed. (0x12B)
[0627/132110.378:WARNING:pe_image_reader.cc(340)] could not read dos header from C:\WINDOWS\System32\cryptsp.dll
[0627/132110.378:ERROR:process_memory_win.cc(73)] ReadMemory at 0x7ffb657c0000 of 64 bytes failed: Only part of a ReadProcessMemory or WriteProcessMemory request was completed. (0x12B)
[0627/132110.378:WARNING:pe_image_reader.cc(340)] could not read dos header from C:\WINDOWS\SYSTEM32\mfperfhelper.dll
[0627/132110.378:ERROR:process_memory_win.cc(73)] ReadMemory at 0x7ffb61b40000 of 64 bytes failed: Only part of a ReadProcessMemory or WriteProcessMemory request was completed. (0x12B)
[0627/132110.378:WARNING:pe_image_reader.cc(340)] could not read dos header from C:\WINDOWS\SYSTEM32\evr.dll
[0627/132110.379:ERROR:process_memory_win.cc(73)] ReadMemory at 0x7ffbae4d0000 of 64 bytes failed: Only part of a ReadProcessMemory or WriteProcessMemory request was completed. (0x12B)
[0627/132110.379:WARNING:pe_image_reader.cc(340)] could not read dos header from C:\WINDOWS\System32\powrprof.dll
[0627/132110.379:ERROR:process_memory_win.cc(73)] ReadMemory at 0x7ffbae480000 of 64 bytes failed: Only part of a ReadProcessMemory or WriteProcessMemory request was completed. (0x12B)
[0627/132110.379:WARNING:pe_image_reader.cc(340)] could not read dos header from C:\WINDOWS\System32\UMPDC.dll
[0627/132110.379:ERROR:process_memory_win.cc(73)] ReadMemory at 0x7ffb66d30000 of 64 bytes failed: Only part of a ReadProcessMemory or WriteProcessMemory request was completed. (0x12B)
[0627/132110.379:WARNING:pe_image_reader.cc(340)] could not read dos header from C:\WINDOWS\SYSTEM32\msauddecmft.dll
[0627/132110.379:ERROR:process_memory_win.cc(73)] ReadMemory at 0x7ff6f4f60000 of 64 bytes failed: Only part of a ReadProcessMemory or WriteProcessMemory request was completed. (0x12B)
[0627/132110.379:WARNING:pe_image_reader.cc(340)] could not read dos header from C:\Program Files (x86)\AVAST Software\Browser\Application\AvastBrowser.exe
[0627/132110.379:ERROR:process_memory_win.cc(73)] ReadMemory at 0x7ffbb1500000 of 64 bytes failed: Only part of a ReadProcessMemory or WriteProcessMemory request was completed. (0x12B)
[0627/132110.379:WARNING:pe_image_reader.cc(340)] could not read dos header from C:\WINDOWS\SYSTEM32\ntdll.dll
[0627/132110.380:ERROR:process_memory_win.cc(73)] ReadMemory at 0x7ffbaf700000 of 64 bytes failed: Only part of a ReadProcessMemory or WriteProcessMemory request was completed. (0x12B)
[0627/132110.380:WARNING:pe_image_reader.cc(340)] could not read dos header from C:\WINDOWS\System32\KERNEL32.DLL
[0627/132110.380:ERROR:process_memory_win.cc(73)] ReadMemory at 0x7ffbaf1a0000 of 64 bytes failed: Only part of a ReadProcessMemory or WriteProcessMemory request was completed. (0x12B)
[0627/132110.380:WARNING:pe_image_reader.cc(340)] could not read dos header from C:\WINDOWS\System32\KERNELBASE.dll
[0627/132110.380:ERROR:process_memory_win.cc(73)] ReadMemory at 0x7ffb61990000 of 64 bytes failed: Only part of a ReadProcessMemory or WriteProcessMemory request was completed. (0x12B)
[0627/132110.380:WARNING:pe_image_reader.cc(340)] could not read dos header from C:\Program Files (x86)\AVAST Software\Browser\Application\87.1.7587.142\chrome_elf.dll
[0627/132110.380:ERROR:process_memory_win.cc(73)] ReadMemory at 0x7ffbae210000 of 64 bytes failed: Only part of a ReadProcessMemory or WriteProcessMemory request was completed. (0x12B)
[0627/132110.380:WARNING:pe_image_reader.cc(340)] could not read dos header from C:\WINDOWS\SYSTEM32\VERSION.dll
[0627/132110.380:ERROR:process_memory_win.cc(73)] ReadMemory at 0x1eea0240000 of 64 bytes failed: Only part of a ReadProcessMemory or WriteProcessMemory request was completed. (0x12B)
[0627/132110.380:WARNING:pe_image_reader.cc(340)] could not read dos header from C:\WINDOWS\System32\msvcrt.dll
[0627/132110.380:ERROR:process_memory_win.cc(73)] ReadMemory at 0x7ffbaf5d0000 of 64 bytes failed: Only part of a ReadProcessMemory or WriteProcessMemory request was completed. (0x12B)
[0627/132110.381:WARNING:pe_image_reader.cc(340)] could not read dos header from C:\WINDOWS\System32\bcryptPrimitives.dll
[0627/132110.381:ERROR:process_memory_win.cc(73)] ReadMemory at 0x7ffbb0bf0000 of 64 bytes failed: Only part of a ReadProcessMemory or WriteProcessMemory request was completed. (0x12B)
[0627/132110.381:WARNING:pe_image_reader.cc(340)] could not read dos header from C:\WINDOWS\System32\ADVAPI32.dll
[0627/132110.381:ERROR:process_memory_win.cc(73)] ReadMemory at 0x7ffbb0d50000 of 64 bytes failed: Only part of a ReadProcessMemory or WriteProcessMemory request was completed. (0x12B)
[0627/132110.409:WARNING:pe_image_reader.cc(340)] could not read dos header from C:\WINDOWS\System32\sechost.dll
[0627/132110.410:ERROR:process_memory_win.cc(73)] ReadMemory at 0x7ffbb0750000 of 64 bytes failed: Only part of a ReadProcessMemory or WriteProcessMemory request was completed. (0x12B)
[0627/132110.410:WARNING:pe_image_reader.cc(340)] could not read dos header from C:\WINDOWS\System32\RPCRT4.dll
[0627/132110.410:ERROR:process_memory_win.cc(73)] ReadMemory at 0x7ffb4d8f0000 of 64 bytes failed: Only part of a ReadProcessMemory or WriteProcessMemory request was completed. (0x12B)
[0627/132110.410:WARNING:pe_image_reader.cc(340)] could not read dos header from C:\Program Files (x86)\AVAST Software\Browser\Application\87.1.7587.142\chrome.dll
[0627/132110.410:ERROR:process_memory_win.cc(73)] ReadMemory at 0x7ffbb06e0000 of 64 bytes failed: Only part of a ReadProcessMemory or WriteProcessMemory request was completed. (0x12B)
[0627/132110.410:WARNING:pe_image_reader.cc(340)] could not read dos header from C:\WINDOWS\System32\WS2_32.dll
[0627/132110.410:ERROR:process_memory_win.cc(73)] ReadMemory at 0x7ffbb0610000 of 64 bytes failed: Only part of a ReadProcessMemory or WriteProcessMemory request was completed. (0x12B)
[0627/132110.410:WARNING:pe_image_reader.cc(340)] could not read dos header from C:\WINDOWS\System32\OLEAUT32.dll
[0627/132110.410:ERROR:process_memory_win.cc(73)] ReadMemory at 0x7ffbaf450000 of 64 bytes failed: Only part of a ReadProcessMemory or WriteProcessMemory request was completed. (0x12B)
[0627/132110.410:WARNING:pe_image_reader.cc(340)] could not read dos header from C:\WINDOWS\System32\msvcp_win.dll
[0627/132110.411:ERROR:process_memory_win.cc(73)] ReadMemory at 0x7ffbae5a0000 of 64 bytes failed: Only part of a ReadProcessMemory or WriteProcessMemory request was completed. (0x12B)
[0627/132110.411:WARNING:pe_image_reader.cc(340)] could not read dos header from C:\WINDOWS\System32\ucrtbase.dll
[0627/132110.411:ERROR:process_memory_win.cc(73)] ReadMemory at 0x7ffbb02d0000 of 64 bytes failed: Only part of a ReadProcessMemory or WriteProcessMemory request was completed. (0x12B)
[0627/132110.411:WARNING:pe_image_reader.cc(340)] could not read dos header from C:\WINDOWS\System32\combase.dll
[0627/132110.411:ERROR:process_memory_win.cc(73)] ReadMemory at 0x7ffbaf120000 of 64 bytes failed: Only part of a ReadProcessMemory or WriteProcessMemory request was completed. (0x12B)
[0627/132110.411:WARNING:pe_image_reader.cc(340)] could not read dos header from C:\WINDOWS\System32\WINTRUST.dll
[0627/132110.411:ERROR:process_memory_win.cc(73)] ReadMemory at 0x7ffbae490000 of 64 bytes failed: Only part of a ReadProcessMemory or WriteProcessMemory request was completed. (0x12B)
[0627/132110.411:WARNING:pe_image_reader.cc(340)] could not read dos header from C:\WINDOWS\System32\MSASN1.dll
[0627/132110.411:ERROR:process_memory_win.cc(73)] ReadMemory at 0x7ffbae6a0000 of 64 bytes failed: Only part of a ReadProcessMemory or WriteProcessMemory request was completed. (0x12B)
[0627/132110.411:WARNING:pe_image_reader.cc(340)] could not read dos header from C:\WINDOWS\System32\CRYPT32.dll
[0627/132110.411:ERROR:process_memory_win.cc(73)] ReadMemory at 0x7ffba2100000 of 64 bytes failed: Only part of a ReadProcessMemory or WriteProcessMemory request was completed. (0x12B)
[0627/132110.412:WARNING:pe_image_reader.cc(340)] could not read dos header from C:\WINDOWS\SYSTEM32\dbghelp.dll
[0627/132110.412:ERROR:process_memory_win.cc(73)] ReadMemory at 0x7ffbad910000 of 64 bytes failed: Only part of a ReadProcessMemory or WriteProcessMemory request was completed. (0x12B)
[0627/132110.412:WARNING:pe_image_reader.cc(340)] could not read dos header from C:\WINDOWS\SYSTEM32\IPHLPAPI.DLL
[0627/132110.412:ERROR:process_memory_win.cc(73)] ReadMemory at 0x7ffbac400000 of 64 bytes failed: Only part of a ReadProcessMemory or WriteProcessMemory request was completed. (0x12B)
[0627/132110.412:WARNING:pe_image_reader.cc(340)] could not read dos header from C:\WINDOWS\SYSTEM32\WINMM.dll
[0627/132110.412:ERROR:process_memory_win.cc(73)] ReadMemory at 0x7ffba4e30000 of 64 bytes failed: Only part of a ReadProcessMemory or WriteProcessMemory request was completed. (0x12B)
[0627/132110.412:WARNING:pe_image_reader.cc(340)] could not read dos header from C:\WINDOWS\SYSTEM32\UIAutomationCore.DLL
[0627/132110.412:ERROR:process_memory_win.cc(73)] ReadMemory at 0x7ffb9f3f0000 of 64 bytes failed: Only part of a ReadProcessMemory or WriteProcessMemory request was completed. (0x12B)
[0627/132110.412:WARNING:pe_image_reader.cc(340)] could not read dos header from C:\WINDOWS\SYSTEM32\Secur32.dll
[0627/132110.412:ERROR:process_memory_win.cc(73)] ReadMemory at 0x7ffbae3a0000 of 64 bytes failed: Only part of a ReadProcessMemory or WriteProcessMemory request was completed. (0x12B)
[0627/132110.412:WARNING:pe_image_reader.cc(340)] could not read dos header from C:\WINDOWS\SYSTEM32\USERENV.dll
[0627/132110.413:ERROR:process_memory_win.cc(73)] ReadMemory at 0x7ffbae520000 of 64 bytes failed: Only part of a ReadProcessMemory or WriteProcessMemory request was completed. (0x12B)
[0627/132110.413:WARNING:pe_image_reader.cc(340)] could not read dos header from C:\WINDOWS\System32\profapi.dll
[0627/132110.413:ERROR:process_memory_win.cc(73)] ReadMemory at 0x7ffba4050000 of 64 bytes failed: Only part of a ReadProcessMemory or WriteProcessMemory request was completed. (0x12B)
[0627/132110.413:WARNING:pe_image_reader.cc(340)] could not read dos header from C:\WINDOWS\SYSTEM32\DWrite.dll
[0627/132110.413:ERROR:process_memory_win.cc(73)] ReadMemory at 0x7ffba66c0000 of 64 bytes failed: Only part of a ReadProcessMemory or WriteProcessMemory request was completed. (0x12B)
[0627/132110.413:WARNING:pe_image_reader.cc(340)] could not read dos header from C:\WINDOWS\SYSTEM32\WINSPOOL.DRV
[0627/132110.413:ERROR:process_memory_win.cc(73)] ReadMemory at 0x7ffbae4b0000 of 64 bytes failed: Only part of a ReadProcessMemory or WriteProcessMemory request was completed. (0x12B)
[0627/132110.413:WARNING:pe_image_reader.cc(340)] could not read dos header from C:\WINDOWS\System32\kernel.appcore.dll
[0627/132110.413:ERROR:process_memory_win.cc(73)] ReadMemory at 0x7ffbaf5a0000 of 64 bytes failed: Only part of a ReadProcessMemory or WriteProcessMemory request was completed. (0x12B)
[0627/132110.413:WARNING:pe_image_reader.cc(340)] could not read dos header from C:\WINDOWS\System32\bcrypt.dll
[0627/132110.413:ERROR:process_memory_win.cc(73)] ReadMemory at 0x7ffba6260000 of 64 bytes failed: Only part of a ReadProcessMemory or WriteProcessMemory request was completed. (0x12B)
[0627/132110.414:WARNING:pe_image_reader.cc(340)] could not read dos header from C:\WINDOWS\SYSTEM32\WINHTTP.dll
[0627/132110.414:ERROR:process_memory_win.cc(73)] ReadMemory at 0x7ffba6620000 of 64 bytes failed: Only part of a ReadProcessMemory or WriteProcessMemory request was completed. (0x12B)
[0627/132110.414:WARNING:pe_image_reader.cc(340)] could not read dos header from C:\WINDOWS\SYSTEM32\dhcpcsvc.DLL
[0627/132110.414:ERROR:process_memory_win.cc(73)] ReadMemory at 0x7ffbb1450000 of 64 bytes failed: Only part of a ReadProcessMemory or WriteProcessMemory request was completed. (0x12B)
[0627/132110.414:WARNING:pe_image_reader.cc(340)] could not read dos header from C:\WINDOWS\System32\NSI.dll
[0627/132110.414:ERROR:process_memory_win.cc(73)] ReadMemory at 0x7ffbac3d0000 of 64 bytes failed: Only part of a ReadProcessMemory or WriteProcessMemory request was completed. (0x12B)
[0627/132110.414:WARNING:pe_image_reader.cc(340)] could not read dos header from C:\WINDOWS\SYSTEM32\WINMMBASE.dll
[0627/132110.414:ERROR:process_memory_win.cc(73)] ReadMemory at 0x7ffbae550000 of 64 bytes failed: Only part of a ReadProcessMemory or WriteProcessMemory request was completed. (0x12B)
[0627/132110.414:WARNING:pe_image_reader.cc(340)] could not read dos header from C:\WINDOWS\System32\cfgmgr32.dll
[0627/132110.414:ERROR:process_memory_win.cc(73)] ReadMemory at 0x7ffbaae70000 of 64 bytes failed: Only part of a ReadProcessMemory or WriteProcessMemory request was completed. (0x12B)
[0627/132110.414:WARNING:pe_image_reader.cc(340)] could not read dos header from C:\WINDOWS\SYSTEM32\PROPSYS.dll
[0627/132110.415:ERROR:process_memory_win.cc(73)] ReadMemory at 0x7ffbaf870000 of 64 bytes failed: Only part of a ReadProcessMemory or WriteProcessMemory request was completed. (0x12B)
[0627/132110.415:WARNING:pe_image_reader.cc(340)] could not read dos header from C:\WINDOWS\System32\shcore.dll
[0627/132110.415:ERROR:process_memory_win.cc(73)] ReadMemory at 0x7ffbae360000 of 64 bytes failed: Only part of a ReadProcessMemory or WriteProcessMemory request was completed. (0x12B)
[0627/132110.415:WARNING:pe_image_reader.cc(340)] could not read dos header from C:\WINDOWS\SYSTEM32\SSPICLI.DLL
[0627/132110.415:ERROR:process_memory_win.cc(73)] ReadMemory at 0x7ffbaddd0000 of 64 bytes failed: Only part of a ReadProcessMemory or WriteProcessMemory request was completed. (0x12B)
[0627/132110.415:WARNING:pe_image_reader.cc(340)] could not read dos header from C:\WINDOWS\SYSTEM32\CRYPTBASE.DLL
[0627/132110.415:ERROR:process_memory_win.cc(73)] ReadMemory at 0x7ffb8ae40000 of 64 bytes failed: Only part of a ReadProcessMemory or WriteProcessMemory request was completed. (0x12B)
[0627/132110.415:WARNING:pe_image_reader.cc(340)] could not read dos header from C:\WINDOWS\SYSTEM32\mfplat.dll
[0627/132110.415:ERROR:process_memory_win.cc(73)] ReadMemory at 0x7ffba4d20000 of 64 bytes failed: Only part of a ReadProcessMemory or WriteProcessMemory request was completed. (0x12B)
[0627/132110.415:WARNING:pe_image_reader.cc(340)] could not read dos header from C:\WINDOWS\SYSTEM32\RTWorkQ.DLL
[0627/132110.416:ERROR:process_memory_win.cc(73)] ReadMemory at 0x7ffb658f0000 of 64 bytes failed: Only part of a ReadProcessMemory or WriteProcessMemory request was completed. (0x12B)
[0627/132110.416:WARNING:pe_image_reader.cc(340)] could not read dos header from C:\WINDOWS\SYSTEM32\msmpeg2vdec.dll
[0627/132110.416:ERROR:process_memory_win.cc(73)] ReadMemory at 0x7ffbaf180000 of 64 bytes failed: Only part of a ReadProcessMemory or WriteProcessMemory request was completed. (0x12B)
[0627/132110.416:WARNING:pe_image_reader.cc(340)] could not read dos header from C:\WINDOWS\System32\cryptsp.dll
[0627/132110.416:ERROR:process_memory_win.cc(73)] ReadMemory at 0x7ffb657c0000 of 64 bytes failed: Only part of a ReadProcessMemory or WriteProcessMemory request was completed. (0x12B)
[0627/132110.416:WARNING:pe_image_reader.cc(340)] could not read dos header from C:\WINDOWS\SYSTEM32\mfperfhelper.dll
[0627/132110.416:ERROR:process_memory_win.cc(73)] ReadMemory at 0x7ffb61b40000 of 64 bytes failed: Only part of a ReadProcessMemory or WriteProcessMemory request was completed. (0x12B)
[0627/132110.416:WARNING:pe_image_reader.cc(340)] could not read dos header from C:\WINDOWS\SYSTEM32\evr.dll
[0627/132110.416:ERROR:process_memory_win.cc(73)] ReadMemory at 0x7ffbae4d0000 of 64 bytes failed: Only part of a ReadProcessMemory or WriteProcessMemory request was completed. (0x12B)
[0627/132110.416:WARNING:pe_image_reader.cc(340)] could not read dos header from C:\WINDOWS\System32\powrprof.dll
[0627/132110.417:ERROR:process_memory_win.cc(73)] ReadMemory at 0x7ffbae480000 of 64 bytes failed: Only part of a ReadProcessMemory or WriteProcessMemory request was completed. (0x12B)
[0627/132110.417:WARNING:pe_image_reader.cc(340)] could not read dos header from C:\WINDOWS\System32\UMPDC.dll
[0627/132110.417:ERROR:process_memory_win.cc(73)] ReadMemory at 0x7ffb66d30000 of 64 bytes failed: Only part of a ReadProcessMemory or WriteProcessMemory request was completed. (0x12B)
[0627/132110.417:WARNING:pe_image_reader.cc(340)] could not read dos header from C:\WINDOWS\SYSTEM32\msauddecmft.dll
[0627/132110.540:ERROR:process_memory_win.cc(73)] ReadMemory at 0x1acd1fc000 of 16384 bytes failed: Only part of a ReadProcessMemory or WriteProcessMemory request was completed. (0x12B)
[0627/132110.540:ERROR:process_memory_win.cc(73)] ReadMemory at 0x1acd9fe000 of 8192 bytes failed: Only part of a ReadProcessMemory or WriteProcessMemory request was completed. (0x12B)
[0627/132110.541:ERROR:process_memory_win.cc(73)] ReadMemory at 0x1ace1fd000 of 12288 bytes failed: Only part of a ReadProcessMemory or WriteProcessMemory request was completed. (0x12B)
[0627/132110.541:ERROR:process_memory_win.cc(73)] ReadMemory at 0x1ace9fe000 of 8192 bytes failed: Only part of a ReadProcessMemory or WriteProcessMemory request was completed. (0x12B)
[0627/132110.541:ERROR:process_memory_win.cc(73)] ReadMemory at 0x1acf1fd000 of 12288 bytes failed: Only part of a ReadProcessMemory or WriteProcessMemory request was completed. (0x12B)
[0627/132110.541:ERROR:process_memory_win.cc(73)] ReadMemory at 0x1acf9ff000 of 4096 bytes failed: Only part of a ReadProcessMemory or WriteProcessMemory request was completed. (0x12B)
[0627/132110.542:ERROR:process_memory_win.cc(73)] ReadMemory at 0x1ad01fd000 of 12288 bytes failed: Only part of a ReadProcessMemory or WriteProcessMemory request was completed. (0x12B)
[0627/132110.542:ERROR:process_memory_win.cc(73)] ReadMemory at 0x1ad09fe000 of 8192 bytes failed: Only part of a ReadProcessMemory or WriteProcessMemory request was completed. (0x12B)
[0627/132110.542:ERROR:process_memory_win.cc(73)] ReadMemory at 0x1ad11fe000 of 8192 bytes failed: Only part of a ReadProcessMemory or WriteProcessMemory request was completed. (0x12B)
[0627/132110.543:ERROR:process_memory_win.cc(73)] ReadMemory at 0x1ad19fe000 of 8192 bytes failed: Only part of a ReadProcessMemory or WriteProcessMemory request was completed. (0x12B)
[0627/132110.543:ERROR:process_memory_win.cc(73)] ReadMemory at 0x1ad21fe000 of 8192 bytes failed: Only part of a ReadProcessMemory or WriteProcessMemory request was completed. (0x12B)
[0627/132110.543:ERROR:process_memory_win.cc(73)] ReadMemory at 0x1ad29fe000 of 8192 bytes failed: Only part of a ReadProcessMemory or WriteProcessMemory request was completed. (0x12B)
[0627/132110.543:ERROR:process_memory_win.cc(73)] ReadMemory at 0x1ad31fe000 of 8192 bytes failed: Only part of a ReadProcessMemory or WriteProcessMemory request was completed. (0x12B)
[0627/132110.544:ERROR:process_memory_win.cc(73)] ReadMemory at 0x1ad39fe000 of 8192 bytes failed: Only part of a ReadProcessMemory or WriteProcessMemory request was completed. (0x12B)
[0627/132110.544:ERROR:process_memory_win.cc(73)] ReadMemory at 0x1ad41fe000 of 8192 bytes failed: Only part of a ReadProcessMemory or WriteProcessMemory request was completed. (0x12B)
[0627/132110.544:ERROR:process_memory_win.cc(73)] ReadMemory at 0x1acc888000 of 852 bytes failed: Only part of a ReadProcessMemory or WriteProcessMemory request was completed. (0x12B)
[0627/132110.545:ERROR:process_memory_win.cc(73)] ReadMemory at 0x1acc889000 of 6024 bytes failed: Only part of a ReadProcessMemory or WriteProcessMemory request was completed. (0x12B)
[0627/132110.545:ERROR:process_memory_win.cc(73)] ReadMemory at 0x1acc88b000 of 6024 bytes failed: Only part of a ReadProcessMemory or WriteProcessMemory request was completed. (0x12B)
[0627/132110.545:ERROR:process_memory_win.cc(73)] ReadMemory at 0x1acc88d000 of 6024 bytes failed: Only part of a ReadProcessMemory or WriteProcessMemory request was completed. (0x12B)
[0627/132110.545:ERROR:process_memory_win.cc(73)] ReadMemory at 0x1acc88f000 of 6024 bytes failed: Only part of a ReadProcessMemory or WriteProcessMemory request was completed. (0x12B)
[0627/132110.546:ERROR:process_memory_win.cc(73)] ReadMemory at 0x1acc891000 of 6024 bytes failed: Only part of a ReadProcessMemory or WriteProcessMemory request was completed. (0x12B)
[0627/132110.546:ERROR:process_memory_win.cc(73)] ReadMemory at 0x1acc893000 of 6024 bytes failed: Only part of a ReadProcessMemory or WriteProcessMemory request was completed. (0x12B)
[0627/132110.546:ERROR:process_memory_win.cc(73)] ReadMemory at 0x1acc895000 of 6024 bytes failed: Only part of a ReadProcessMemory or WriteProcessMemory request was completed. (0x12B)
[0627/132110.546:ERROR:process_memory_win.cc(73)] ReadMemory at 0x1acc897000 of 6024 bytes failed: Only part of a ReadProcessMemory or WriteProcessMemory request was completed. (0x12B)
[0627/132110.546:ERROR:process_memory_win.cc(73)] ReadMemory at 0x1acc899000 of 6024 bytes failed: Only part of a ReadProcessMemory or WriteProcessMemory request was completed. (0x12B)
[0627/132110.547:ERROR:process_memory_win.cc(73)] ReadMemory at 0x1acc89b000 of 6024 bytes failed: Only part of a ReadProcessMemory or WriteProcessMemory request was completed. (0x12B)
[0627/132110.547:ERROR:process_memory_win.cc(73)] ReadMemory at 0x1acc89d000 of 6024 bytes failed: Only part of a ReadProcessMemory or WriteProcessMemory request was completed. (0x12B)
[0627/132110.547:ERROR:process_memory_win.cc(73)] ReadMemory at 0x1acc89f000 of 6024 bytes failed: Only part of a ReadProcessMemory or WriteProcessMemory request was completed. (0x12B)
[0627/132110.547:ERROR:process_memory_win.cc(73)] ReadMemory at 0x1acc8a1000 of 6024 bytes failed: Only part of a ReadProcessMemory or WriteProcessMemory request was completed. (0x12B)
[0627/132110.548:ERROR:process_memory_win.cc(73)] ReadMemory at 0x1acc8a3000 of 6024 bytes failed: Only part of a ReadProcessMemory or WriteProcessMemory request was completed. (0x12B)
[0627/132110.548:ERROR:process_memory_win.cc(73)] ReadMemory at 0x1acc8a5000 of 6024 bytes failed: Only part of a ReadProcessMemory or WriteProcessMemory request was completed. (0x12B)
[0627/132110.548:ERROR:process_memory_win.cc(73)] ReadMemory at 0x1eea0100c40 of 896 bytes failed: Only part of a ReadProcessMemory or WriteProcessMemory request was completed. (0x12B)
[0627/132110.548:ERROR:process_memory_win.cc(73)] ReadMemory at 0x1eea0140000 of 384 bytes failed: Only part of a ReadProcessMemory or WriteProcessMemory request was completed. (0x12B)
[0627/132110.549:ERROR:process_memory_win.cc(73)] ReadMemory at 0x1eea0140fe0 of 8904 bytes failed: Only part of a ReadProcessMemory or WriteProcessMemory request was completed. (0x12B)
[0627/132110.549:ERROR:process_memory_win.cc(73)] ReadMemory at 0x1eea01432b0 of 1012 bytes failed: Only part of a ReadProcessMemory or WriteProcessMemory request was completed. (0x12B)
[0627/132110.549:ERROR:process_memory_win.cc(73)] ReadMemory at 0x1eea01438f8 of 148 bytes failed: Only part of a ReadProcessMemory or WriteProcessMemory request was completed. (0x12B)
[0627/132110.549:ERROR:process_memory_win.cc(73)] ReadMemory at 0x1eea014398e of 784 bytes failed: Only part of a ReadProcessMemory or WriteProcessMemory request was completed. (0x12B)
[0627/132110.550:ERROR:process_memory_win.cc(73)] ReadMemory at 0x1eea0143ca0 of 148 bytes failed: Only part of a ReadProcessMemory or WriteProcessMemory request was completed. (0x12B)
[0627/132110.550:ERROR:process_memory_win.cc(73)] ReadMemory at 0x1eea0143d36 of 102 bytes failed: Only part of a ReadProcessMemory or WriteProcessMemory request was completed. (0x12B)
[0627/132110.550:ERROR:process_memory_win.cc(73)] ReadMemory at 0x1eea0143db0 of 58 bytes failed: Only part of a ReadProcessMemory or WriteProcessMemory request was completed. (0x12B)
[0627/132110.550:ERROR:process_memory_win.cc(73)] ReadMemory at 0x1eea0143eb0 of 132 bytes failed: Only part of a ReadProcessMemory or WriteProcessMemory request was completed. (0x12B)
[0627/132110.550:ERROR:process_memory_win.cc(73)] ReadMemory at 0x1eea0144040 of 132 bytes failed: Only part of a ReadProcessMemory or WriteProcessMemory request was completed. (0x12B)
[0627/132110.551:ERROR:process_memory_win.cc(73)] ReadMemory at 0x1eea0144200 of 144 bytes failed: Only part of a ReadProcessMemory or WriteProcessMemory request was completed. (0x12B)
[0627/132110.551:ERROR:process_memory_win.cc(73)] ReadMemory at 0x1eea0144700 of 132 bytes failed: Only part of a ReadProcessMemory or WriteProcessMemory request was completed. (0x12B)
[0627/132110.551:ERROR:process_memory_win.cc(73)] ReadMemory at 0x1eea0144890 of 64 bytes failed: Only part of a ReadProcessMemory or WriteProcessMemory request was completed. (0x12B)
[0627/132110.551:ERROR:process_memory_win.cc(73)] ReadMemory at 0x1eea0144cf0 of 132 bytes failed: Only part of a ReadProcessMemory or WriteProcessMemory request was completed. (0x12B)
[0627/132110.551:ERROR:process_memory_win.cc(73)] ReadMemory at 0x1eea0144e80 of 68 bytes failed: Only part of a ReadProcessMemory or WriteProcessMemory request was completed. (0x12B)
[0627/132110.552:ERROR:process_memory_win.cc(73)] ReadMemory at 0x1eea0145e80 of 132 bytes failed: Only part of a ReadProcessMemory or WriteProcessMemory request was completed. (0x12B)
[0627/132110.552:ERROR:process_memory_win.cc(73)] ReadMemory at 0x1eea0145fb0 of 132 bytes failed: Only part of a ReadProcessMemory or WriteProcessMemory request was completed. (0x12B)
[0627/132110.552:ERROR:process_memory_win.cc(73)] ReadMemory at 0x1eea01460e0 of 172 bytes failed: Only part of a ReadProcessMemory or WriteProcessMemory request was completed. (0x12B)
[0627/132110.552:ERROR:process_memory_win.cc(73)] ReadMemory at 0x1eea0147bf0 of 62 bytes failed: Only part of a ReadProcessMemory or WriteProcessMemory request was completed. (0x12B)
[0627/132110.553:ERROR:process_memory_win.cc(73)] ReadMemory at 0x1eea0147d20 of 132 bytes failed: Only part of a ReadProcessMemory or WriteProcessMemory request was completed. (0x12B)
[0627/132110.553:ERROR:process_memory_win.cc(73)] ReadMemory at 0x1eea0147eb0 of 60 bytes failed: Only part of a ReadProcessMemory or WriteProcessMemory request was completed. (0x12B)
[0627/132110.553:ERROR:process_memory_win.cc(73)] ReadMemory at 0x1eea014d660 of 80 bytes failed: Only part of a ReadProcessMemory or WriteProcessMemory request was completed. (0x12B)
[0627/132110.553:ERROR:process_memory_win.cc(73)] ReadMemory at 0x1eea01508c0 of 54 bytes failed: Only part of a ReadProcessMemory or WriteProcessMemory request was completed. (0x12B)
[0627/132110.553:ERROR:process_memory_win.cc(73)] ReadMemory at 0x1eea0156f70 of 132 bytes failed: Only part of a ReadProcessMemory or WriteProcessMemory request was completed. (0x12B)
[0627/132110.554:ERROR:process_memory_win.cc(73)] ReadMemory at 0x1eea0157390 of 132 bytes failed: Only part of a ReadProcessMemory or WriteProcessMemory request was completed. (0x12B)
[0627/132110.554:ERROR:process_memory_win.cc(73)] ReadMemory at 0x1eea0157ff0 of 80 bytes failed: Only part of a ReadProcessMemory or WriteProcessMemory request was completed. (0x12B)
[0627/132110.554:ERROR:process_memory_win.cc(73)] ReadMemory at 0x1eea01583b0 of 76 bytes failed: Only part of a ReadProcessMemory or WriteProcessMemory request was completed. (0x12B)
[0627/132110.554:ERROR:process_memory_win.cc(73)] ReadMemory at 0x1eea01593a0 of 60 bytes failed: Only part of a ReadProcessMemory or WriteProcessMemory request was completed. (0x12B)
[0627/132110.554:ERROR:process_memory_win.cc(73)] ReadMemory at 0x1eea0159440 of 62 bytes failed: Only part of a ReadProcessMemory or WriteProcessMemory request was completed. (0x12B)
[0627/132110.555:ERROR:process_memory_win.cc(73)] ReadMemory at 0x1eea0159580 of 62 bytes failed: Only part of a ReadProcessMemory or WriteProcessMemory request was completed. (0x12B)
[0627/132110.555:ERROR:process_memory_win.cc(73)] ReadMemory at 0x1eea01595d0 of 64 bytes failed: Only part of a ReadProcessMemory or WriteProcessMemory request was completed. (0x12B)
[0627/132110.555:ERROR:process_memory_win.cc(73)] ReadMemory at 0x1eea0159620 of 62 bytes failed: Only part of a ReadProcessMemory or WriteProcessMemory request was completed. (0x12B)
[0627/132110.555:ERROR:process_memory_win.cc(73)] ReadMemory at 0x1eea0159710 of 60 bytes failed: Only part of a ReadProcessMemory or WriteProcessMemory request was completed. (0x12B)
[0627/132110.556:ERROR:process_memory_win.cc(73)] ReadMemory at 0x1eea01597b0 of 66 bytes failed: Only part of a ReadProcessMemory or WriteProcessMemory request was completed. (0x12B)
[0627/132110.556:ERROR:process_memory_win.cc(73)] ReadMemory at 0x1eea0159850 of 64 bytes failed: Only part of a ReadProcessMemory or WriteProcessMemory request was completed. (0x12B)
[0627/132110.556:ERROR:process_memory_win.cc(73)] ReadMemory at 0x1eea01598f0 of 64 bytes failed: Only part of a ReadProcessMemory or WriteProcessMemory request was completed. (0x12B)
[0627/132110.556:ERROR:process_memory_win.cc(73)] ReadMemory at 0x1eea0159990 of 64 bytes failed: Only part of a ReadProcessMemory or WriteProcessMemory request was completed. (0x12B)
[0627/132110.557:ERROR:process_memory_win.cc(73)] ReadMemory at 0x1eea0159a30 of 60 bytes failed: Only part of a ReadProcessMemory or WriteProcessMemory request was completed. (0x12B)
[0627/132110.557:ERROR:process_memory_win.cc(73)] ReadMemory at 0x1eea0159b20 of 62 bytes failed: Only part of a ReadProcessMemory or WriteProcessMemory request was completed. (0x12B)
[0627/132110.558:ERROR:process_memory_win.cc(73)] ReadMemory at 0x1eea0159bc0 of 64 bytes failed: Only part of a ReadProcessMemory or WriteProcessMemory request was completed. (0x12B)
[0627/132110.558:ERROR:process_memory_win.cc(73)] ReadMemory at 0x1eea0159c10 of 60 bytes failed: Only part of a ReadProcessMemory or WriteProcessMemory request was completed. (0x12B)
[0627/132110.558:ERROR:process_memory_win.cc(73)] ReadMemory at 0x1eea0159c60 of 62 bytes failed: Only part of a ReadProcessMemory or WriteProcessMemory request was completed. (0x12B)
[0627/132110.558:ERROR:process_memory_win.cc(73)] ReadMemory at 0x1eea0159d00 of 62 bytes failed: Only part of a ReadProcessMemory or WriteProcessMemory request was completed. (0x12B)
[0627/132110.559:ERROR:process_memory_win.cc(73)] ReadMemory at 0x1eea0159e40 of 64 bytes failed: Only part of a ReadProcessMemory or WriteProcessMemory request was completed. (0x12B)
[0627/132110.559:ERROR:process_memory_win.cc(73)] ReadMemory at 0x1eea0159f30 of 60 bytes failed: Only part of a ReadProcessMemory or WriteProcessMemory request was completed. (0x12B)
[0627/132110.559:ERROR:process_memory_win.cc(73)] ReadMemory at 0x1eea0159f80 of 60 bytes failed: Only part of a ReadProcessMemory or WriteProcessMemory request was completed. (0x12B)
[0627/132110.559:ERROR:process_memory_win.cc(73)] ReadMemory at 0x1eea015a020 of 66 bytes failed: Only part of a ReadProcessMemory or WriteProcessMemory request was completed. (0x12B)
[0627/132110.560:ERROR:process_memory_win.cc(73)] ReadMemory at 0x1eea015a0c0 of 62 bytes failed: Only part of a ReadProcessMemory or WriteProcessMemory request was completed. (0x12B)
[0627/132110.560:ERROR:process_memory_win.cc(73)] ReadMemory at 0x1eea015a110 of 58 bytes failed: Only part of a ReadProcessMemory or WriteProcessMemory request was completed. (0x12B)
[0627/132110.560:ERROR:process_memory_win.cc(73)] ReadMemory at 0x1eea015a160 of 64 bytes failed: Only part of a ReadProcessMemory or WriteProcessMemory request was completed. (0x12B)
[0627/132110.565:ERROR:process_memory_win.cc(73)] ReadMemory at 0x1eea015a1b0 of 64 bytes failed: Only part of a ReadProcessMemory or WriteProcessMemory request was completed. (0x12B)
[0627/132110.566:ERROR:process_memory_win.cc(73)] ReadMemory at 0x1eea015a200 of 62 bytes failed: Only part of a ReadProcessMemory or WriteProcessMemory request was completed. (0x12B)
[0627/132110.566:ERROR:process_memory_win.cc(73)] ReadMemory at 0x1eea015a2a0 of 62 bytes failed: Only part of a ReadProcessMemory or WriteProcessMemory request was completed. (0x12B)
[0627/132110.567:ERROR:process_memory_win.cc(73)] ReadMemory at 0x1eea015a2f0 of 62 bytes failed: Only part of a ReadProcessMemory or WriteProcessMemory request was completed. (0x12B)
[0627/132110.567:ERROR:process_memory_win.cc(73)] ReadMemory at 0x1eea015a3b0 of 132 bytes failed: Only part of a ReadProcessMemory or WriteProcessMemory request was completed. (0x12B)
[0627/132110.567:ERROR:process_memory_win.cc(73)] ReadMemory at 0x1eea015a4e0 of 132 bytes failed: Only part of a ReadProcessMemory or WriteProcessMemory request was completed. (0x12B)
[0627/132110.567:ERROR:process_memory_win.cc(73)] ReadMemory at 0x1eea015a610 of 132 bytes failed: Only part of a ReadProcessMemory or WriteProcessMemory request was completed. (0x12B)
[0627/132110.568:ERROR:process_memory_win.cc(73)] ReadMemory at 0x1eea015a740 of 132 bytes failed: Only part of a ReadProcessMemory or WriteProcessMemory request was completed. (0x12B)
[0627/132110.568:ERROR:process_memory_win.cc(73)] ReadMemory at 0x1eea015a870 of 132 bytes failed: Only part of a ReadProcessMemory or WriteProcessMemory request was completed. (0x12B)
[0627/132110.568:ERROR:process_memory_win.cc(73)] ReadMemory at 0x1eea015a9a0 of 132 bytes failed: Only part of a ReadProcessMemory or WriteProcessMemory request was completed. (0x12B)
[0627/132110.569:ERROR:process_memory_win.cc(73)] ReadMemory at 0x1eea015b120 of 512 bytes failed: Only part of a ReadProcessMemory or WriteProcessMemory request was completed. (0x12B)
[0627/132110.569:ERROR:process_memory_win.cc(73)] ReadMemory at 0x1eea015c890 of 132 bytes failed: Only part of a ReadProcessMemory or WriteProcessMemory request was completed. (0x12B)
[0627/132110.569:ERROR:process_memory_win.cc(73)] ReadMemory at 0x1eea015c9c0 of 132 bytes failed: Only part of a ReadProcessMemory or WriteProcessMemory request was completed. (0x12B)
[0627/132110.569:ERROR:process_memory_win.cc(73)] ReadMemory at 0x1eea015ee10 of 132 bytes failed: Only part of a ReadProcessMemory or WriteProcessMemory request was completed. (0x12B)
[0627/132110.570:ERROR:process_memory_win.cc(73)] ReadMemory at 0x1eea015ef40 of 132 bytes failed: Only part of a ReadProcessMemory or WriteProcessMemory request was completed. (0x12B)
[0627/132110.570:ERROR:process_memory_win.cc(73)] ReadMemory at 0x1eea015f160 of 132 bytes failed: Only part of a ReadProcessMemory or WriteProcessMemory request was completed. (0x12B)
[0627/132110.570:ERROR:process_memory_win.cc(73)] ReadMemory at 0x1eea015f730 of 164 bytes failed: Only part of a ReadProcessMemory or WriteProcessMemory request was completed. (0x12B)
[0627/132110.571:ERROR:process_memory_win.cc(73)] ReadMemory at 0x1eea015f820 of 132 bytes failed: Only part of a ReadProcessMemory or WriteProcessMemory request was completed. (0x12B)
[0627/132110.571:ERROR:process_memory_win.cc(73)] ReadMemory at 0x1eea0161410 of 132 bytes failed: Only part of a ReadProcessMemory or WriteProcessMemory request was completed. (0x12B)
[0627/132110.571:ERROR:process_memory_win.cc(73)] ReadMemory at 0x1eea0163ac0 of 132 bytes failed: Only part of a ReadProcessMemory or WriteProcessMemory request was completed. (0x12B)
[0627/132110.571:ERROR:process_memory_win.cc(73)] ReadMemory at 0x1eea0164500 of 132 bytes failed: Only part of a ReadProcessMemory or WriteProcessMemory request was completed. (0x12B)
[0627/132110.572:ERROR:process_memory_win.cc(73)] ReadMemory at 0x1eea0164630 of 132 bytes failed: Only part of a ReadProcessMemory or WriteProcessMemory request was completed. (0x12B)
[0627/132110.572:ERROR:process_memory_win.cc(73)] ReadMemory at 0x1eea0164760 of 132 bytes failed: Only part of a ReadProcessMemory or WriteProcessMemory request was completed. (0x12B)
[0627/132110.572:ERROR:process_memory_win.cc(73)] ReadMemory at 0x1eea0164890 of 132 bytes failed: Only part of a ReadProcessMemory or WriteProcessMemory request was completed. (0x12B)
[0627/132110.572:ERROR:process_memory_win.cc(73)] ReadMemory at 0x1eea0164af0 of 132 bytes failed: Only part of a ReadProcessMemory or WriteProcessMemory request was completed. (0x12B)
[0627/132110.573:ERROR:process_memory_win.cc(73)] ReadMemory at 0x1eea0164c20 of 132 bytes failed: Only part of a ReadProcessMemory or WriteProcessMemory request was completed. (0x12B)
[0627/132110.573:ERROR:process_memory_win.cc(73)] ReadMemory at 0x1eea0164d50 of 132 bytes failed: Only part of a ReadProcessMemory or WriteProcessMemory request was completed. (0x12B)
[0627/132110.573:ERROR:process_memory_win.cc(73)] ReadMemory at 0x1eea0164e80 of 132 bytes failed: Only part of a ReadProcessMemory or WriteProcessMemory request was completed. (0x12B)
[0627/132110.573:ERROR:process_memory_win.cc(73)] ReadMemory at 0x1eea0164fb0 of 132 bytes failed: Only part of a ReadProcessMemory or WriteProcessMemory request was completed. (0x12B)
[0627/132110.574:ERROR:process_memory_win.cc(73)] ReadMemory at 0x1eea01650e0 of 132 bytes failed: Only part of a ReadProcessMemory or WriteProcessMemory request was completed. (0x12B)
[0627/132110.574:ERROR:process_memory_win.cc(73)] ReadMemory at 0x1eea0165210 of 132 bytes failed: Only part of a ReadProcessMemory or WriteProcessMemory request was completed. (0x12B)
[0627/132110.574:ERROR:process_memory_win.cc(73)] ReadMemory at 0x1eea0165340 of 132 bytes failed: Only part of a ReadProcessMemory or WriteProcessMemory request was completed. (0x12B)
[0627/132110.575:ERROR:process_memory_win.cc(73)] ReadMemory at 0x1eea0165470 of 132 bytes failed: Only part of a ReadProcessMemory or WriteProcessMemory request was completed. (0x12B)
[0627/132110.575:ERROR:process_memory_win.cc(73)] ReadMemory at 0x1eea01655a0 of 132 bytes failed: Only part of a ReadProcessMemory or WriteProcessMemory request was completed. (0x12B)
[0627/132110.576:ERROR:process_memory_win.cc(73)] ReadMemory at 0x1eea01656d0 of 132 bytes failed: Only part of a ReadProcessMemory or WriteProcessMemory request was completed. (0x12B)
[0627/132110.576:ERROR:process_memory_win.cc(73)] ReadMemory at 0x1eea0165800 of 132 bytes failed: Only part of a ReadProcessMemory or WriteProcessMemory request was completed. (0x12B)
[0627/132110.576:ERROR:process_memory_win.cc(73)] ReadMemory at 0x1eea0165930 of 132 bytes failed: Only part of a ReadProcessMemory or WriteProcessMemory request was completed. (0x12B)
[0627/132110.577:ERROR:process_memory_win.cc(73)] ReadMemory at 0x1eea0165a60 of 132 bytes failed: Only part of a ReadProcessMemory or WriteProcessMemory request was completed. (0x12B)
[0627/132110.577:ERROR:process_memory_win.cc(73)] ReadMemory at 0x1eea0165b90 of 132 bytes failed: Only part of a ReadProcessMemory or WriteProcessMemory request was completed. (0x12B)
[0627/132110.577:ERROR:process_memory_win.cc(73)] ReadMemory at 0x1eea0165cc0 of 132 bytes failed: Only part of a ReadProcessMemory or WriteProcessMemory request was completed. (0x12B)
[0627/132110.577:ERROR:process_memory_win.cc(73)] ReadMemory at 0x1eea0165df0 of 132 bytes failed: Only part of a ReadProcessMemory or WriteProcessMemory request was completed. (0x12B)
[0627/132110.578:ERROR:process_memory_win.cc(73)] ReadMemory at 0x1eea0165f20 of 132 bytes failed: Only part of a ReadProcessMemory or WriteProcessMemory request was completed. (0x12B)
[0627/132110.578:ERROR:process_memory_win.cc(73)] ReadMemory at 0x1eea0166050 of 132 bytes failed: Only part of a ReadProcessMemory or WriteProcessMemory request was completed. (0x12B)
[0627/132110.578:ERROR:process_memory_win.cc(73)] ReadMemory at 0x1eea0166180 of 132 bytes failed: Only part of a ReadProcessMemory or WriteProcessMemory request was completed. (0x12B)
[0627/132110.578:ERROR:process_memory_win.cc(73)] ReadMemory at 0x1eea01662b0 of 132 bytes failed: Only part of a ReadProcessMemory or WriteProcessMemory request was completed. (0x12B)
[0627/132110.579:ERROR:process_memory_win.cc(73)] ReadMemory at 0x1eea01ad770 of 66 bytes failed: Only part of a ReadProcessMemory or WriteProcessMemory request was completed. (0x12B)
[0627/132110.579:ERROR:process_memory_win.cc(73)] ReadMemory at 0x1eea01b08b0 of 512 bytes failed: Only part of a ReadProcessMemory or WriteProcessMemory request was completed. (0x12B)
[0627/132110.579:ERROR:process_memory_win.cc(73)] ReadMemory at 0x1eea01ba1f0 of 60 bytes failed: Only part of a ReadProcessMemory or WriteProcessMemory request was completed. (0x12B)
[0627/132110.579:ERROR:process_memory_win.cc(73)] ReadMemory at 0x1eea01ba330 of 62 bytes failed: Only part of a ReadProcessMemory or WriteProcessMemory request was completed. (0x12B)
[0627/132110.580:ERROR:process_memory_win.cc(73)] ReadMemory at 0x1eea01ba740 of 62 bytes failed: Only part of a ReadProcessMemory or WriteProcessMemory request was completed. (0x12B)
[0627/132110.580:ERROR:process_memory_win.cc(73)] ReadMemory at 0x1eea01ba790 of 70 bytes failed: Only part of a ReadProcessMemory or WriteProcessMemory request was completed. (0x12B)
[0627/132110.580:ERROR:process_memory_win.cc(73)] ReadMemory at 0x1eea01baa10 of 64 bytes failed: Only part of a ReadProcessMemory or WriteProcessMemory request was completed. (0x12B)
[0627/132110.580:ERROR:process_memory_win.cc(73)] ReadMemory at 0x1eea01baa60 of 58 bytes failed: Only part of a ReadProcessMemory or WriteProcessMemory request was completed. (0x12B)
[0627/132110.581:ERROR:process_memory_win.cc(73)] ReadMemory at 0x1eea01c2a00 of 72 bytes failed: Only part of a ReadProcessMemory or WriteProcessMemory request was completed. (0x12B)
[0627/132110.581:ERROR:process_memory_win.cc(73)] ReadMemory at 0x1eea01c3560 of 54 bytes failed: Only part of a ReadProcessMemory or WriteProcessMemory request was completed. (0x12B)
[0627/132110.581:ERROR:process_memory_win.cc(73)] ReadMemory at 0x1eea01d4770 of 544 bytes failed: Only part of a ReadProcessMemory or WriteProcessMemory request was completed. (0x12B)
[0627/132110.582:ERROR:process_memory_win.cc(73)] ReadMemory at 0x1eea01db7d0 of 560 bytes failed: Only part of a ReadProcessMemory or WriteProcessMemory request was completed. (0x12B)
[0627/132110.582:ERROR:process_memory_win.cc(73)] ReadMemory at 0x1eea01dd2f0 of 512 bytes failed: Only part of a ReadProcessMemory or WriteProcessMemory request was completed. (0x12B)
[0627/132110.582:ERROR:process_memory_win.cc(73)] ReadMemory at 0x1eea01defe0 of 712 bytes failed: Only part of a ReadProcessMemory or WriteProcessMemory request was completed. (0x12B)
[0627/132110.583:ERROR:process_memory_win.cc(73)] ReadMemory at 0x1eea01eff00 of 512 bytes failed: Only part of a ReadProcessMemory or WriteProcessMemory request was completed. (0x12B)
[0627/132110.583:ERROR:process_memory_win.cc(73)] ReadMemory at 0x1eea0202d30 of 512 bytes failed: Only part of a ReadProcessMemory or WriteProcessMemory request was completed. (0x12B)
[0627/132110.583:ERROR:process_memory_win.cc(73)] ReadMemory at 0x1eea0211268 of 512 bytes failed: Only part of a ReadProcessMemory or WriteProcessMemory request was completed. (0x12B)
[0627/132110.583:ERROR:process_memory_win.cc(73)] ReadMemory at 0x1eea1d32ba0 of 512 bytes failed: Only part of a ReadProcessMemory or WriteProcessMemory request was completed. (0x12B)
[0627/132110.584:ERROR:process_memory_win.cc(73)] ReadMemory at 0x7ff6f4f60000 of 384 bytes failed: Only part of a ReadProcessMemory or WriteProcessMemory request was completed. (0x12B)
[0627/132110.584:ERROR:process_memory_win.cc(73)] ReadMemory at 0x7ffb503c07d3 of 512 bytes failed: Only part of a ReadProcessMemory or WriteProcessMemory request was completed. (0x12B)
[0627/132110.584:ERROR:process_memory_win.cc(73)] ReadMemory at 0x7ffbaf40d6e0 of 512 bytes failed: Only part of a ReadProcessMemory or WriteProcessMemory request was completed. (0x12B)
[0627/132110.584:ERROR:process_memory_win.cc(73)] ReadMemory at 0x7ffbaf721fd0 of 512 bytes failed: Only part of a ReadProcessMemory or WriteProcessMemory request was completed. (0x12B)
[0627/132110.585:ERROR:process_memory_win.cc(73)] ReadMemory at 0x7ffbb159c6f4 of 672 bytes failed: Only part of a ReadProcessMemory or WriteProcessMemory request was completed. (0x12B)
[0627/132110.585:ERROR:process_memory_win.cc(73)] ReadMemory at 0x7ffbb159ccf4 of 512 bytes failed: Only part of a ReadProcessMemory or WriteProcessMemory request was completed. (0x12B)
[0627/132110.585:ERROR:process_memory_win.cc(73)] ReadMemory at 0x7ffbb159ffa4 of 608 bytes failed: Only part of a ReadProcessMemory or WriteProcessMemory request was completed. (0x12B)
[0627/132110.585:ERROR:process_memory_win.cc(73)] ReadMemory at 0x7ffbb162c428 of 18 bytes failed: Only part of a ReadProcessMemory or WriteProcessMemory request was completed. (0x12B)
[0627/132110.586:ERROR:process_memory_win.cc(73)] ReadMemory at 0x7ffbb165f4f8 of 40 bytes failed: Only part of a ReadProcessMemory or WriteProcessMemory request was completed. (0x12B)
[0627/132110.586:ERROR:process_memory_win.cc(73)] ReadMemory at 0x7ffbb165f978 of 48 bytes failed: Only part of a ReadProcessMemory or WriteProcessMemory request was completed. (0x12B)
[0627/132110.586:ERROR:process_memory_win.cc(73)] ReadMemory at 0x7ffbb16653c0 of 64 bytes failed: Only part of a ReadProcessMemory or WriteProcessMemory request was completed. (0x12B)
[0627/132110.779:ERROR:filesystem_win.cc(129)] GetFileAttributes C:\Users\Acer\AppData\Local\AVAST Software\Browser\User Data\Crashpad\attachments\92365627-c46e-456e-95c9-711ac5e731ce: The system cannot find the path specified. (0x3)
[0627/132110.679:ERROR:scoped_process_suspend.cc(40)] NtResumeProcess: An attempt was made to access an exiting process. (0xc000010a)
